<?xml version="1.0" encoding="UTF-8"?>
<coverage generated="1663514137234" clover="3.2.0">
  <project timestamp="1663514137234" name="All files">
    <metrics statements="82" coveredstatements="81" conditionals="11" coveredconditionals="9" methods="26" coveredmethods="24" elements="119" coveredelements="114" complexity="0" loc="82" ncloc="82" packages="4" files="9" classes="9"/>
    <package name="description-generation.description">
      <metrics statements="9" coveredstatements="9" conditionals="2" coveredconditionals="1" methods="5" coveredmethods="5"/>
      <file name="extractors.ts" path="/home/gabriel/Personal/Study/scraper-generation/src/libs/description-generation/description/extractors.ts">
        <metrics statements="3" coveredstatements="3" conditionals="2" coveredconditionals="1" methods="1" coveredmethods="1"/>
        <line num="2" count="4" type="stmt"/>
        <line num="4" count="4" type="stmt"/>
        <line num="5" count="100" type="cond" truecount="1" falsecount="1"/>
      </file>
      <file name="page-representation.ts" path="/home/gabriel/Personal/Study/scraper-generation/src/libs/description-generation/description/page-representation.ts">
        <metrics statements="6" coveredstatements="6" conditionals="0" coveredconditionals="0" methods="4" coveredmethods="4"/>
        <line num="15" count="4" type="stmt"/>
        <line num="16" count="1349" type="stmt"/>
        <line num="19" count="300" type="stmt"/>
        <line num="20" count="1349" type="stmt"/>
        <line num="27" count="4" type="stmt"/>
        <line num="32" count="300" type="stmt"/>
      </file>
    </package>
    <package name="description-generation.dom">
      <metrics statements="23" coveredstatements="23" conditionals="2" coveredconditionals="2" methods="10" coveredmethods="9"/>
      <file name="document-acquisition.ts" path="/home/gabriel/Personal/Study/scraper-generation/src/libs/description-generation/dom/document-acquisition.ts">
        <metrics statements="2" coveredstatements="2" conditionals="0" coveredconditionals="0" methods="1" coveredmethods="1"/>
        <line num="1" count="1" type="stmt"/>
        <line num="3" count="101" type="stmt"/>
      </file>
      <file name="text-node-acquisition.ts" path="/home/gabriel/Personal/Study/scraper-generation/src/libs/description-generation/dom/text-node-acquisition.ts">
        <metrics statements="8" coveredstatements="8" conditionals="2" coveredconditionals="2" methods="5" coveredmethods="4"/>
        <line num="13" count="6" type="stmt"/>
        <line num="15" count="6" type="stmt"/>
        <line num="22" count="100" type="stmt"/>
        <line num="27" count="100" type="stmt"/>
        <line num="32" count="6" type="stmt"/>
        <line num="34" count="452" type="cond" truecount="2" falsecount="0"/>
        <line num="36" count="452" type="stmt"/>
        <line num="38" count="452" type="stmt"/>
      </file>
      <file name="text-node-selectors-from-document.ts" path="/home/gabriel/Personal/Study/scraper-generation/src/libs/description-generation/dom/text-node-selectors-from-document.ts">
        <metrics statements="5" coveredstatements="5" conditionals="0" coveredconditionals="0" methods="2" coveredmethods="2"/>
        <line num="1" count="4" type="stmt"/>
        <line num="2" count="4" type="stmt"/>
        <line num="9" count="4" type="stmt"/>
        <line num="14" count="300" type="stmt"/>
        <line num="16" count="100" type="stmt"/>
      </file>
      <file name="text-nodes-from-document.ts" path="/home/gabriel/Personal/Study/scraper-generation/src/libs/description-generation/dom/text-nodes-from-document.ts">
        <metrics statements="5" coveredstatements="5" conditionals="0" coveredconditionals="0" methods="1" coveredmethods="1"/>
        <line num="1" count="5" type="stmt"/>
        <line num="2" count="5" type="stmt"/>
        <line num="10" count="5" type="stmt"/>
        <line num="16" count="200" type="stmt"/>
        <line num="18" count="200" type="stmt"/>
      </file>
      <file name="unique.ts" path="/home/gabriel/Personal/Study/scraper-generation/src/libs/description-generation/dom/unique.ts">
        <metrics statements="3" coveredstatements="3" conditionals="0" coveredconditionals="0" methods="1" coveredmethods="1"/>
        <line num="1" count="5" type="stmt"/>
        <line num="3" count="5" type="stmt"/>
        <line num="4" count="1034" type="stmt"/>
      </file>
    </package>
    <package name="description-generation.fetching">
      <metrics statements="8" coveredstatements="7" conditionals="1" coveredconditionals="0" methods="2" coveredmethods="1"/>
      <file name="document-from-url.ts" path="/home/gabriel/Personal/Study/scraper-generation/src/libs/description-generation/fetching/document-from-url.ts">
        <metrics statements="8" coveredstatements="7" conditionals="1" coveredconditionals="0" methods="2" coveredmethods="1"/>
        <line num="1" count="1" type="stmt"/>
        <line num="2" count="1" type="stmt"/>
        <line num="13" count="1" type="stmt"/>
        <line num="15" count="0" type="stmt"/>
        <line num="18" count="1" type="stmt"/>
        <line num="25" count="1" type="stmt"/>
        <line num="27" count="1" type="stmt"/>
        <line num="29" count="1" type="stmt"/>
      </file>
    </package>
    <package name="utils">
      <metrics statements="42" coveredstatements="42" conditionals="6" coveredconditionals="6" methods="9" coveredmethods="9"/>
      <file name="iterable.ts" path="/home/gabriel/Personal/Study/scraper-generation/src/libs/utils/iterable.ts">
        <metrics statements="42" coveredstatements="42" conditionals="6" coveredconditionals="6" methods="9" coveredmethods="9"/>
        <line num="1" count="2" type="stmt"/>
        <line num="2" count="503" type="stmt"/>
        <line num="3" count="1883" type="cond" truecount="2" falsecount="0"/>
        <line num="4" count="169" type="stmt"/>
        <line num="8" count="2" type="stmt"/>
        <line num="9" count="448" type="stmt"/>
        <line num="11" count="100" type="stmt"/>
        <line num="12" count="448" type="stmt"/>
        <line num="15" count="2" type="stmt"/>
        <line num="19" count="305" type="stmt"/>
        <line num="21" count="305" type="stmt"/>
        <line num="23" count="305" type="stmt"/>
        <line num="24" count="1478" type="cond" truecount="1" falsecount="0"/>
        <line num="25" count="1174" type="stmt"/>
        <line num="27" count="1478" type="stmt"/>
        <line num="28" count="1478" type="stmt"/>
        <line num="32" count="2" type="stmt"/>
        <line num="33" count="200" type="stmt"/>
        <line num="35" count="200" type="stmt"/>
        <line num="36" count="1020" type="cond" truecount="1" falsecount="0"/>
        <line num="37" count="510" type="stmt"/>
        <line num="39" count="1020" type="stmt"/>
        <line num="43" count="2" type="stmt"/>
        <line num="44" count="200" type="stmt"/>
        <line num="46" count="200" type="stmt"/>
        <line num="47" count="1284" type="cond" truecount="1" falsecount="0"/>
        <line num="48" count="100" type="stmt"/>
        <line num="51" count="100" type="stmt"/>
        <line num="54" count="2" type="stmt"/>
        <line num="55" count="203" type="stmt"/>
        <line num="56" count="818" type="stmt"/>
        <line num="59" count="2" type="stmt"/>
        <line num="60" count="100" type="stmt"/>
        <line num="62" count="100" type="stmt"/>
        <line num="63" count="406" type="stmt"/>
        <line num="65" count="100" type="stmt"/>
        <line num="68" count="2" type="stmt"/>
        <line num="69" count="100" type="stmt"/>
        <line num="71" count="100" type="stmt"/>
        <line num="72" count="562" type="cond" truecount="1" falsecount="0"/>
        <line num="73" count="100" type="stmt"/>
        <line num="75" count="462" type="stmt"/>
      </file>
    </package>
  </project>
</coverage>
