{"/home/gabriel/Personal/Study/scraper-generation/src/libs/description-generation/dom/nodes-from-iterator.ts": {"path":"/home/gabriel/Personal/Study/scraper-generation/src/libs/description-generation/dom/nodes-from-iterator.ts","statementMap":{"0":{"start":{"line":6,"column":4},"end":{"line":11,"column":null}},"1":{"start":{"line":7,"column":21},"end":{"line":7,"column":44}},"2":{"start":{"line":9,"column":8},"end":{"line":10,"column":20}},"3":{"start":{"line":9,"column":18},"end":{"line":9,"column":29}},"4":{"start":{"line":10,"column":13},"end":{"line":10,"column":20}},"5":{"start":{"line":5,"column":0},"end":{"line":5,"column":15}},"6":{"start":{"line":14,"column":37},"end":{"line":14,"column":87}},"7":{"start":{"line":14,"column":67},"end":{"line":14,"column":87}},"8":{"start":{"line":14,"column":13},"end":{"line":14,"column":37}},"9":{"start":{"line":16,"column":41},"end":{"line":17,"column":61}},"10":{"start":{"line":17,"column":4},"end":{"line":17,"column":61}},"11":{"start":{"line":16,"column":13},"end":{"line":16,"column":41}}},"fnMap":{"0":{"name":"iterableFromNodeIterator","decl":{"start":{"line":5,"column":17},"end":{"line":5,"column":41}},"loc":{"start":{"line":5,"column":75},"end":{"line":12,"column":1}}},"1":{"name":"(anonymous_1)","decl":{"start":{"line":14,"column":37},"end":{"line":14,"column":38}},"loc":{"start":{"line":14,"column":67},"end":{"line":14,"column":87}}},"2":{"name":"(anonymous_2)","decl":{"start":{"line":16,"column":41},"end":{"line":16,"column":42}},"loc":{"start":{"line":17,"column":4},"end":{"line":17,"column":61}}}},"branchMap":{"0":{"loc":{"start":{"line":9,"column":8},"end":{"line":10,"column":20}},"type":"if","locations":[{"start":{"line":9,"column":8},"end":{"line":10,"column":20}},{"start":{"line":10,"column":13},"end":{"line":10,"column":20}}]}},"s":{"0":100,"1":590,"2":590,"3":490,"4":100,"5":6,"6":6,"7":300,"8":6,"9":6,"10":100,"11":6},"f":{"0":100,"1":300,"2":100},"b":{"0":[490,100]}}
,"/home/gabriel/Personal/Study/scraper-generation/src/libs/description-generation/fetching/document-from-url.ts": {"path":"/home/gabriel/Personal/Study/scraper-generation/src/libs/description-generation/fetching/document-from-url.ts","statementMap":{"0":{"start":{"line":1,"column":14},"end":{"line":1,"column":35}},"1":{"start":{"line":2,"column":0},"end":{"line":2,"column":30}},"2":{"start":{"line":13,"column":35},"end":{"line":16,"column":2}},"3":{"start":{"line":15,"column":27},"end":{"line":15,"column":39}},"4":{"start":{"line":18,"column":31},"end":{"line":30,"column":1}},"5":{"start":{"line":25,"column":20},"end":{"line":25,"column":36}},"6":{"start":{"line":27,"column":17},"end":{"line":27,"column":37}},"7":{"start":{"line":29,"column":4},"end":{"line":29,"column":40}},"8":{"start":{"line":18,"column":13},"end":{"line":18,"column":31}}},"fnMap":{"0":{"name":"(anonymous_0)","decl":{"start":{"line":15,"column":12},"end":{"line":15,"column":13}},"loc":{"start":{"line":15,"column":27},"end":{"line":15,"column":39}}},"1":{"name":"(anonymous_1)","decl":{"start":{"line":18,"column":31},"end":{"line":18,"column":36}},"loc":{"start":{"line":24,"column":4},"end":{"line":30,"column":1}}}},"branchMap":{"0":{"loc":{"start":{"line":20,"column":4},"end":{"line":23,"column":55}},"type":"default-arg","locations":[{"start":{"line":23,"column":29},"end":{"line":23,"column":55}}]}},"s":{"0":1,"1":1,"2":1,"3":0,"4":1,"5":1,"6":1,"7":1,"8":1},"f":{"0":0,"1":1},"b":{"0":[0]}}
}
