{"/home/gabriel/Personal/Study/scraper-generation/src/libs/constants.ts": {"path":"/home/gabriel/Personal/Study/scraper-generation/src/libs/constants.ts","statementMap":{"0":{"start":{"line":1,"column":13},"end":{"line":4,"column":2}}},"fnMap":{},"branchMap":{},"s":{"0":1},"f":{},"b":{}}
,"/home/gabriel/Personal/Study/scraper-generation/src/libs/utils/default-response.ts": {"path":"/home/gabriel/Personal/Study/scraper-generation/src/libs/utils/default-response.ts","statementMap":{"0":{"start":{"line":1,"column":0},"end":{"line":1,"column":46}},"1":{"start":{"line":7,"column":30},"end":{"line":9,"column":2}},"2":{"start":{"line":11,"column":26},"end":{"line":24,"column":1}},"3":{"start":{"line":14,"column":5},"end":{"line":24,"column":1}},"4":{"start":{"line":15,"column":4},"end":{"line":23,"column":null}},"5":{"start":{"line":16,"column":27},"end":{"line":16,"column":41}},"6":{"start":{"line":18,"column":8},"end":{"line":18,"column":66}},"7":{"start":{"line":20,"column":8},"end":{"line":20,"column":98}},"8":{"start":{"line":22,"column":8},"end":{"line":22,"column":64}},"9":{"start":{"line":11,"column":13},"end":{"line":11,"column":26}}},"fnMap":{"0":{"name":"(anonymous_0)","decl":{"start":{"line":11,"column":26},"end":{"line":11,"column":null}},"loc":{"start":{"line":14,"column":5},"end":{"line":24,"column":1}}},"1":{"name":"(anonymous_1)","decl":{"start":{"line":14,"column":5},"end":{"line":14,"column":6}},"loc":{"start":{"line":14,"column":28},"end":{"line":24,"column":1}}}},"branchMap":{"0":{"loc":{"start":{"line":13,"column":4},"end":{"line":13,"column":52}},"type":"default-arg","locations":[{"start":{"line":13,"column":31},"end":{"line":13,"column":52}}]}},"s":{"0":1,"1":1,"2":1,"3":100,"4":100,"5":100,"6":100,"7":0,"8":0,"9":1},"f":{"0":100,"1":100},"b":{"0":[100]}}
}
