TN:
SF:src/libs/description-generation/dom/nodes-from-iterator.ts
FN:5,iterableFromNodeIterator
FN:14,(anonymous_1)
FN:16,(anonymous_2)
FNF:3
FNH:3
FNDA:100,iterableFromNodeIterator
FNDA:300,(anonymous_1)
FNDA:100,(anonymous_2)
DA:5,6
DA:6,100
DA:7,590
DA:9,590
DA:10,100
DA:14,300
DA:16,6
DA:17,100
LF:8
LH:8
BRDA:9,0,0,490
BRDA:9,0,1,100
BRF:2
BRH:2
end_of_record
TN:
SF:src/libs/description-generation/fetching/document-from-url.ts
FN:15,(anonymous_0)
FN:18,(anonymous_1)
FNF:2
FNH:1
FNDA:0,(anonymous_0)
FNDA:1,(anonymous_1)
DA:1,1
DA:2,1
DA:13,1
DA:15,0
DA:18,1
DA:25,1
DA:27,1
DA:29,1
LF:8
LH:7
BRDA:20,0,0,0
BRF:1
BRH:0
end_of_record
