TN:
SF:src/libs/constants.ts
FNF:0
FNH:0
DA:1,1
LF:1
LH:1
BRF:0
BRH:0
end_of_record
TN:
SF:src/libs/completion/completion.ts
FN:9,(anonymous_0)
FN:13,(anonymous_1)
FN:14,(anonymous_2)
FN:14,(anonymous_3)
FNF:4
FNH:4
FNDA:100,(anonymous_0)
FNDA:100,(anonymous_1)
FNDA:408,(anonymous_2)
FNDA:408,(anonymous_3)
DA:1,1
DA:9,1
DA:10,100
DA:13,1
DA:14,408
LF:5
LH:5
BRF:0
BRH:0
end_of_record
TN:
SF:src/libs/description-generation/fetching/rendered-document-from-url.ts
FN:17,(anonymous_0)
FNF:1
FNH:1
FNDA:1,(anonymous_0)
DA:14,1
DA:17,1
DA:24,1
DA:26,1
DA:28,1
LF:5
LH:5
BRF:0
BRH:0
end_of_record
TN:
SF:src/libs/utils/default-response.ts
FN:14,(anonymous_0)
FN:20,(anonymous_1)
FN:49,(anonymous_2)
FN:56,(anonymous_3)
FNF:4
FNH:4
FNDA:300,(anonymous_0)
FNDA:300,(anonymous_1)
FNDA:100,(anonymous_2)
FNDA:100,(anonymous_3)
DA:1,1
DA:9,1
DA:14,1
DA:20,300
DA:21,300
DA:22,300
DA:24,200
DA:26,100
DA:28,100
DA:43,1
DA:49,1
DA:56,100
LF:12
LH:12
BRDA:16,0,0,100
BRF:1
BRH:1
end_of_record
